#
# A fatal error has been detected by the Java Runtime Environment:
#
#  EXCEPTION_ACCESS_VIOLATION (0xc0000005) at pc=0x00000000503d05b4, pid=11760, tid=0x00000000000025e8
#
# JRE version: Java(TM) SE Runtime Environment (8.0_112-b15) (build 1.8.0_112-b15)
# Java VM: Java HotSpot(TM) 64-Bit Server VM (25.112-b15 mixed mode windows-amd64 compressed oops)
# Problematic frame:
# C  0x00000000503d05b4
#
# Failed to write core dump. Minidumps are not enabled by default on client versions of Windows
#
# If you would like to submit a bug report, please visit:
#   http://bugreport.java.com/bugreport/crash.jsp
# The crash happened outside the Java Virtual Machine in native code.
# See problematic frame for where to report the bug.
#

---------------  T H R E A D  ---------------

Current thread (0x000002bd928a5000):  JavaThread "AWT-EventQueue-0" [_thread_in_native, id=9704, stack(0x000000f328e00000,0x000000f329300000)]

siginfo: ExceptionCode=0xc0000005, reading address 0x0000000000000008

Registers:
RAX=0x000000000000000d, RBX=0x000002bd928a51f8, RCX=0x0000000000000000, RDX=0x00000000010117ba
RSP=0x000000f3292fc828, RBP=0x000002bd928a51f8, RSI=0x000002bd94829450, RDI=0x000002bd94939f60
R8 =0x000000000000472e, R9 =0x00000000000017ba, R10=0x000002bdee380000, R11=0x000000f3292fc7f8
R12=0x00000000010117ba, R13=0x0000000000000000, R14=0x00000000f8019c16, R15=0x000002bd928a5000
RIP=0x00000000503d05b4, EFLAGS=0x0000000000010202

Top of Stack: (sp=0x000000f3292fc828)
0x000000f3292fc828:   00000000503375f1 000002bd928a51f8
0x000000f3292fc838:   000002bd94829450 000000070049414e
0x000000f3292fc848:   000002bd83232c84 0000000000000000
0x000000f3292fc858:   000002bd94829450 000000f3292fcee8
0x000000f3292fc868:   000000005036bf65 000002bd928a51f8
0x000000f3292fc878:   0000000000000000 000000f3292fc901
0x000000f3292fc888:   00000000ffffffff 000002bd9bf300a0
0x000000f3292fc898:   0000000050333e42 000000f3292fcee8
0x000000f3292fc8a8:   000000f3292fc9a0 000002bd928a51f8
0x000000f3292fc8b8:   0000000701534120 00000007bcbca2d8
0x000000f3292fc8c8:   00000000ff000000 0000047c00000000
0x000000f3292fc8d8:   000002bd00000000 00000007004f6ee0
0x000000f3292fc8e8:   00000007017c29f8 0000000000000000
0x000000f3292fc8f8:   0000000000000001 0000000000000011
0x000000f3292fc908:   e00c3de800000001 0000000000000001
0x000000f3292fc918:   000000f3292fcef0 000002bd928a51f8 

Instructions: (pc=0x00000000503d05b4)
0x00000000503d0594:   41 5e 41 5d 41 5c 5f c3 48 8b 41 08 48 05 00 04
0x00000000503d05a4:   00 00 c3 cc 48 8b 41 08 48 8b 80 18 0c 00 00 c3
0x00000000503d05b4:   48 8b 49 08 48 85 c9 74 05 e9 2e a7 fe ff 33 c0
0x00000000503d05c4:   c3 cc cc cc 48 83 ec 28 48 8b 49 08 48 85 c9 74 


Register to memory mapping:

RAX=0x000000000000000d is an unknown value
RBX=0x000002bd928a51f8 is an unknown value
RCX=0x0000000000000000 is an unknown value
RDX=0x00000000010117ba is an unknown value
RSP=0x000000f3292fc828 is pointing into the stack for thread: 0x000002bd928a5000
RBP=0x000002bd928a51f8 is an unknown value
RSI=0x000002bd94829450 is an unknown value
RDI=0x000002bd94939f60 is an unknown value
R8 =0x000000000000472e is an unknown value
R9 =0x00000000000017ba is an unknown value
R10=0x000002bdee380000 is an unknown value
R11=0x000000f3292fc7f8 is pointing into the stack for thread: 0x000002bd928a5000
R12=0x00000000010117ba is an unknown value
R13=0x0000000000000000 is an unknown value
R14=0x00000000f8019c16 is an unknown value
R15=0x000002bd928a5000 is a thread


Stack: [0x000000f328e00000,0x000000f329300000],  sp=0x000000f3292fc828,  free space=5106k
Native frames: (J=compiled Java code, j=interpreted, Vv=VM code, C=native code)
C  0x00000000503d05b4

Java frames: (J=compiled Java code, j=interpreted, Vv=VM code)
J 11026  sun.java2d.windows.GDIBlitLoops.nativeBlit(Lsun/java2d/SurfaceData;Lsun/java2d/SurfaceData;Lsun/java2d/pipe/Region;IIIIIIIIIZ)V (0 bytes) @ 0x000002bd820ad02c [0x000002bd820acf40+0xec]
J 11967 C2 sun.java2d.windows.GDIBlitLoops.Blit(Lsun/java2d/SurfaceData;Lsun/java2d/SurfaceData;Ljava/awt/Composite;Lsun/java2d/pipe/Region;IIIIII)V (37 bytes) @ 0x000002bd813c3c08 [0x000002bd813c3b60+0xa8]
J 6944 C2 sun.java2d.pipe.DrawImage.renderImageCopy(Lsun/java2d/SunGraphics2D;Ljava/awt/Image;Ljava/awt/Color;IIIIII)Z (147 bytes) @ 0x000002bd8125de40 [0x000002bd8125d6e0+0x760]
J 11273 C2 sun.java2d.SunGraphics2D.drawImage(Ljava/awt/Image;IILjava/awt/Color;Ljava/awt/image/ImageObserver;)Z (145 bytes) @ 0x000002bd821e63d4 [0x000002bd821e5c60+0x774]
J 26680 C2 javax.swing.RepaintManager$PaintManager.paintDoubleBuffered(Ljavax/swing/JComponent;Ljava/awt/Image;Ljava/awt/Graphics;IIII)V (294 bytes) @ 0x000002bd84954fcc [0x000002bd84954be0+0x3ec]
J 20903 C1 javax.swing.RepaintManager$PaintManager.paint(Ljavax/swing/JComponent;Ljavax/swing/JComponent;Ljava/awt/Graphics;IIII)Z (189 bytes) @ 0x000002bd82d54e2c [0x000002bd82d53fa0+0xe8c]
J 20834 C1 javax.swing.RepaintManager.paint(Ljavax/swing/JComponent;Ljavax/swing/JComponent;Ljava/awt/Graphics;IIII)V (93 bytes) @ 0x000002bd81ff7b04 [0x000002bd81ff7620+0x4e4]
J 23557 C2 javax.swing.JComponent.paint(Ljava/awt/Graphics;)V (409 bytes) @ 0x000002bd8425448c [0x000002bd84253840+0xc4c]
j  java.awt.GraphicsCallback$PaintCallback.run(Ljava/awt/Component;Ljava/awt/Graphics;)V+2
J 22992 C1 sun.awt.SunGraphicsCallback.runOneComponent(Ljava/awt/Component;Ljava/awt/Rectangle;Ljava/awt/Graphics;Ljava/awt/Shape;I)V (177 bytes) @ 0x000002bd838d7304 [0x000002bd838d5c40+0x16c4]
J 22991 C1 sun.awt.SunGraphicsCallback.runComponents([Ljava/awt/Component;Ljava/awt/Graphics;I)V (204 bytes) @ 0x000002bd83112cc4 [0x000002bd831119a0+0x1324]
J 22988 C1 java.awt.Container.paint(Ljava/awt/Graphics;)V (62 bytes) @ 0x000002bd831149ac [0x000002bd83113e80+0xb2c]
J 22987 C1 java.awt.Window.paint(Ljava/awt/Graphics;)V (72 bytes) @ 0x000002bd81ad8b4c [0x000002bd81ad7d60+0xdec]
J 18869 C2 javax.swing.RepaintManager$4.run()Ljava/lang/Object; (5 bytes) @ 0x000002bd81603454 [0x000002bd81603060+0x3f4]
v  ~StubRoutines::call_stub
J 2585  java.security.AccessController.doPrivileged(Ljava/security/PrivilegedAction;Ljava/security/AccessControlContext;)Ljava/lang/Object; (0 bytes) @ 0x000002bd8091db26 [0x000002bd8091dac0+0x66]
J 14844 C2 javax.swing.RepaintManager.paintDirtyRegions(Ljava/util/Map;)V (196 bytes) @ 0x000002bd8236f7fc [0x000002bd8236ef40+0x8bc]
J 19595 C2 javax.swing.RepaintManager.access$1200(Ljavax/swing/RepaintManager;)V (5 bytes) @ 0x000002bd813bf6c8 [0x000002bd813bf4c0+0x208]
J 19596 C2 javax.swing.RepaintManager$ProcessingRunnable.run()V (41 bytes) @ 0x000002bd833c9818 [0x000002bd833c9680+0x198]
J 11786 C2 java.awt.EventQueue$3.run()Ljava/lang/Object; (5 bytes) @ 0x000002bd8238c468 [0x000002bd8238c120+0x348]
v  ~StubRoutines::call_stub
J 2585  java.security.AccessController.doPrivileged(Ljava/security/PrivilegedAction;Ljava/security/AccessControlContext;)Ljava/lang/Object; (0 bytes) @ 0x000002bd8091db26 [0x000002bd8091dac0+0x66]
J 11719 C2 ui.frmwork.b.d.dispatchEvent(Ljava/awt/AWTEvent;)V (45 bytes) @ 0x000002bd8238f7c4 [0x000002bd8238f420+0x3a4]
J 21272 C2 java.awt.EventDispatchThread.pumpOneEventForFilters(I)V (295 bytes) @ 0x000002bd83bf92fc [0x000002bd83bf8de0+0x51c]
J 15224% C2 java.awt.EventDispatchThread.pumpEventsForFilter(ILjava/awt/Conditional;Ljava/awt/EventFilter;)V (47 bytes) @ 0x000002bd82c2d140 [0x000002bd82c2d040+0x100]
j  java.awt.EventDispatchThread.pumpEventsForHierarchy(ILjava/awt/Conditional;Ljava/awt/Component;)V+11
j  java.awt.EventDispatchThread.pumpEvents(ILjava/awt/Conditional;)V+4
j  java.awt.EventDispatchThread.pumpEvents(Ljava/awt/Conditional;)V+3
j  java.awt.EventDispatchThread.run()V+9
v  ~StubRoutines::call_stub

---------------  P R O C E S S  ---------------

Java Threads: ( => current thread )
  0x000002bd9741e000 JavaThread "Monitor File Timestamp Swing Worker" [_thread_blocked, id=32608, stack(0x000000f32eb00000,0x000000f32f000000)]
  0x000002bd97422000 JavaThread "Timer-6" [_thread_blocked, id=8960, stack(0x000000f32e600000,0x000000f32eb00000)]
  0x000002bd9741d800 JavaThread "Thread-7584" [_thread_in_native, id=8012, stack(0x000000f322700000,0x000000f322800000)]
  0x000002bd97421000 JavaThread "Thread-7583" [_thread_in_native, id=24216, stack(0x000000f32d600000,0x000000f32d700000)]
  0x000002bd97420800 JavaThread "Thread-7497" [_thread_in_native, id=25908, stack(0x000000f322700000,0x000000f322800000)]
  0x000002bd9741f800 JavaThread "Thread-6785" [_thread_in_native, id=6324, stack(0x000000f322700000,0x000000f322800000)]
  0x000002bd97144800 JavaThread "Thread-6784" [_thread_in_native, id=22200, stack(0x000000f322600000,0x000000f322700000)]
  0x000002bd9566e000 JavaThread "Thread-6753" [_thread_in_native, id=27076, stack(0x000000f32d600000,0x000000f32d700000)]
  0x000002bd963d3800 JavaThread "Thread-6709" [_thread_in_native, id=21328, stack(0x000000f32e600000,0x000000f32e700000)]
  0x000002bd963d0800 JavaThread "Thread-6708" [_thread_in_native, id=23096, stack(0x000000f32d600000,0x000000f32d700000)]
  0x000002bd963d7800 JavaThread "Thread-6634" [_thread_in_native, id=21036, stack(0x000000f322700000,0x000000f322800000)]
  0x000002bd94959000 JavaThread "Thread-6630" [_thread_in_native, id=29240, stack(0x000000f32d600000,0x000000f32d700000)]
  0x000002bd94958800 JavaThread "Thread-6476" [_thread_in_native, id=4192, stack(0x000000f32d600000,0x000000f32d700000)]
  0x000002bd9495a000 JavaThread "Thread-6473" [_thread_in_native, id=420, stack(0x000000f322600000,0x000000f322700000)]
  0x000002bd94957000 JavaThread "Thread-6356" [_thread_in_native, id=22720, stack(0x000000f322600000,0x000000f322700000)]
  0x000002bd94955800 JavaThread "Thread-6224" [_thread_in_native, id=3292, stack(0x000000f32d600000,0x000000f32d700000)]
  0x000002bd94957800 JavaThread "Thread-6223" [_thread_in_native, id=22572, stack(0x000000f322600000,0x000000f322700000)]
  0x000002bd9494c800 JavaThread "Thread-6140" [_thread_in_native, id=12284, stack(0x000000f322700000,0x000000f322800000)]
  0x000002bd94950000 JavaThread "Thread-6103" [_thread_in_native, id=29484, stack(0x000000f32a500000,0x000000f32a600000)]
  0x000002bd9494f800 JavaThread "Thread-6075" [_thread_in_native, id=29020, stack(0x000000f322700000,0x000000f322800000)]
  0x000002bd9494e000 JavaThread "Thread-5836" [_thread_in_native, id=1720, stack(0x000000f32a500000,0x000000f32a600000)]
  0x000002bd963dc800 JavaThread "Thread-5829" [_thread_in_native, id=12768, stack(0x000000f322800000,0x000000f322900000)]
  0x000002bd9566f800 JavaThread "Thread-5828" [_thread_in_native, id=27980, stack(0x000000f322700000,0x000000f322800000)]
  0x000002bd963d4800 JavaThread "Thread-3649" [_thread_in_native, id=22060, stack(0x000000f322700000,0x000000f322800000)]
  0x000002bd97153000 JavaThread "Thread-3648" [_thread_in_native, id=2484, stack(0x000000f322600000,0x000000f322700000)]
  0x000002bd97151800 JavaThread "Thread-1495" [_thread_in_native, id=17920, stack(0x000000f32a500000,0x000000f32a600000)]
  0x000002bd97148800 JavaThread "Thread-1471" [_thread_in_native, id=29576, stack(0x000000f322700000,0x000000f322800000)]
  0x000002bd9714d000 JavaThread "Thread-1470" [_thread_in_native, id=28184, stack(0x000000f322600000,0x000000f322700000)]
  0x000002bd9714c000 JavaThread "Monitor File Timestamp Swing Worker" [_thread_blocked, id=14120, stack(0x000000f32e100000,0x000000f32e600000)]
  0x000002bd97147000 JavaThread "Timer-2" [_thread_blocked, id=2368, stack(0x000000f32b700000,0x000000f32bc00000)]
  0x000002bd9714a000 JavaThread "Thread-1363" [_thread_in_native, id=17572, stack(0x000000f322700000,0x000000f322800000)]
  0x000002bd9714d800 JavaThread "Thread-1362" [_thread_in_native, id=26760, stack(0x000000f322600000,0x000000f322700000)]
  0x000002bd97145800 JavaThread "Thread-1140" [_thread_in_native, id=9272, stack(0x000000f322600000,0x000000f322700000)]
  0x000002bd963dc000 JavaThread "Swing-Shell" daemon [_thread_blocked, id=29084, stack(0x000000f32d000000,0x000000f32d500000)]
  0x000002bd963d9800 JavaThread "Thread-1087" [_thread_in_native, id=4828, stack(0x000000f322700000,0x000000f322800000)]
  0x000002bd963d3000 JavaThread "Thread-683" [_thread_in_native, id=8504, stack(0x000000f322700000,0x000000f322800000)]
  0x000002bd95673000 JavaThread "Thread-682" [_thread_in_native, id=18352, stack(0x000000f322600000,0x000000f322700000)]
  0x000002bd963d6000 JavaThread "Thread-79" [_thread_in_native, id=21052, stack(0x000000f322700000,0x000000f322800000)]
  0x000002bd963ce800 JavaThread "SyntheticaAnimation 50" daemon [_thread_blocked, id=9592, stack(0x000000f32cb00000,0x000000f32d000000)]
  0x000002bd963d5000 JavaThread "SyntheticaAnimation 50" daemon [_thread_blocked, id=9532, stack(0x000000f32d700000,0x000000f32dc00000)]
  0x000002bd963d2000 JavaThread "Thread-23" [_thread_in_native, id=22232, stack(0x000000f32d100000,0x000000f32d200000)]
  0x000002bd963d1800 JavaThread "Thread-22" [_thread_in_native, id=15304, stack(0x000000f32d000000,0x000000f32d100000)]
  0x000002bd963cf000 JavaThread "Image Animator 3" daemon [_thread_blocked, id=22056, stack(0x000000f329d00000,0x000000f32a200000)]
  0x000002bd95671000 JavaThread "hw_ila_monitor" [_thread_blocked, id=27116, stack(0x000000f328900000,0x000000f328e00000)]
  0x000002bd95674800 JavaThread "Update Runs Swing Worker" [_thread_blocked, id=11324, stack(0x000000f32c600000,0x000000f32cb00000)]
  0x000002bd9566e800 JavaThread "Refresh Filesets Swing Worker" [_thread_blocked, id=11124, stack(0x000000f32c100000,0x000000f32c600000)]
  0x000002bd95670000 JavaThread "SyntheticaAnimation 70" daemon [_thread_blocked, id=7780, stack(0x000000f32bc00000,0x000000f32c100000)]
  0x000002bd95674000 JavaThread "SyntheticaAnimation 25" daemon [_thread_blocked, id=16380, stack(0x000000f32b200000,0x000000f32b700000)]
  0x000002bd95671800 JavaThread "SyntheticaAnimation 50" daemon [_thread_blocked, id=10764, stack(0x000000f32ad00000,0x000000f32b200000)]
  0x000002bd95672800 JavaThread "SyntheticaCleanerThread" daemon [_thread_blocked, id=9660, stack(0x000000f32a800000,0x000000f32ad00000)]
  0x000002bd921d6800 JavaThread "Batik CleanerThread" daemon [_thread_blocked, id=20412, stack(0x000000f329300000,0x000000f329800000)]
  0x000002bd94a49800 JavaThread "Process Messages" [_thread_blocked, id=18288, stack(0x000000f329800000,0x000000f329d00000)]
  0x000002bd9295f800 JavaThread "Thread-3" [_thread_in_native, id=6804, stack(0x000000f322900000,0x000000f323d00000)]
=>0x000002bd928a5000 JavaThread "AWT-EventQueue-0" [_thread_in_native, id=9704, stack(0x000000f328e00000,0x000000f329300000)]
  0x000002bd9271f800 JavaThread "AWT-Windows" daemon [_thread_in_native, id=9728, stack(0x000000f328400000,0x000000f328900000)]
  0x000002bd9271a800 JavaThread "AWT-Shutdown" [_thread_blocked, id=26176, stack(0x000000f327f00000,0x000000f328400000)]
  0x000002bd92719800 JavaThread "Java2D Disposer" daemon [_thread_blocked, id=27084, stack(0x000000f327a00000,0x000000f327f00000)]
  0x000002bd92768800 JavaThread "TimerQueue" daemon [_thread_blocked, id=13448, stack(0x000000f327500000,0x000000f327a00000)]
  0x000002bd90b2c000 JavaThread "Service Thread" daemon [_thread_blocked, id=17188, stack(0x000000f326f00000,0x000000f327400000)]
  0x000002bd90b23800 JavaThread "C1 CompilerThread11" daemon [_thread_blocked, id=14244, stack(0x000000f326e00000,0x000000f326f00000)]
  0x000002bd90b22800 JavaThread "C1 CompilerThread10" daemon [_thread_blocked, id=16896, stack(0x000000f326d00000,0x000000f326e00000)]
  0x000002bd90b20000 JavaThread "C1 CompilerThread9" daemon [_thread_blocked, id=13232, stack(0x000000f326c00000,0x000000f326d00000)]
  0x000002bd90b0e800 JavaThread "C1 CompilerThread8" daemon [_thread_blocked, id=7100, stack(0x000000f326b00000,0x000000f326c00000)]
  0x000002bd90b1d000 JavaThread "C2 CompilerThread7" daemon [_thread_blocked, id=9708, stack(0x000000f326a00000,0x000000f326b00000)]
  0x000002bd90b0e000 JavaThread "C2 CompilerThread6" daemon [_thread_blocked, id=5852, stack(0x000000f326900000,0x000000f326a00000)]
  0x000002bd90b0d000 JavaThread "C2 CompilerThread5" daemon [_thread_blocked, id=4100, stack(0x000000f326800000,0x000000f326900000)]
  0x000002bd90b0c800 JavaThread "C2 CompilerThread4" daemon [_thread_blocked, id=16316, stack(0x000000f326700000,0x000000f326800000)]
  0x000002bd90b0b800 JavaThread "C2 CompilerThread3" daemon [_thread_blocked, id=11020, stack(0x000000f326600000,0x000000f326700000)]
  0x000002bd90b09000 JavaThread "C2 CompilerThread2" daemon [_thread_blocked, id=4880, stack(0x000000f326500000,0x000000f326600000)]
  0x000002bd90b07000 JavaThread "C2 CompilerThread1" daemon [_thread_blocked, id=22956, stack(0x000000f326400000,0x000000f326500000)]
  0x000002bd90b06800 JavaThread "C2 CompilerThread0" daemon [_thread_blocked, id=13248, stack(0x000000f326300000,0x000000f326400000)]
  0x000002bd90b17800 JavaThread "Attach Listener" daemon [_thread_blocked, id=4944, stack(0x000000f325e00000,0x000000f326300000)]
  0x000002bd90b14800 JavaThread "Signal Dispatcher" daemon [_thread_blocked, id=13100, stack(0x000000f325900000,0x000000f325e00000)]
  0x000002bd90b03800 JavaThread "Finalizer" daemon [_thread_blocked, id=4536, stack(0x000000f325400000,0x000000f325900000)]
  0x000002bdffdf1000 JavaThread "Reference Handler" daemon [_thread_blocked, id=21784, stack(0x000000f324f00000,0x000000f325400000)]
  0x000002bdf7b74000 JavaThread "main" [_thread_blocked, id=26428, stack(0x000000f324000000,0x000000f324100000)]

Other Threads:
  0x000002bdffde6000 VMThread [stack: 0x000000f324e00000,0x000000f324f00000] [id=18772]
  0x000002bd90bb6800 WatcherThread [stack: 0x000000f327400000,0x000000f327500000] [id=9980]

VM state:not at safepoint (normal execution)

VM Mutex/Monitor currently owned by a thread: None

Heap:
 PSYoungGen      total 60416K, used 14521K [0x00000007bc400000, 0x00000007c0000000, 0x00000007c0000000)
  eden space 59392K, 24% used [0x00000007bc400000,0x00000007bd22e760,0x00000007bfe00000)
  from space 1024K, 0% used [0x00000007bfe00000,0x00000007bfe00000,0x00000007bff00000)
  to   space 1024K, 0% used [0x00000007bff00000,0x00000007bff00000,0x00000007c0000000)
 ParOldGen       total 217088K, used 93458K [0x0000000700000000, 0x000000070d400000, 0x00000007bc400000)
  object space 217088K, 43% used [0x0000000700000000,0x0000000705b44818,0x000000070d400000)
 Metaspace       used 79950K, capacity 80747K, committed 81456K, reserved 1118208K
  class space    used 11519K, capacity 11698K, committed 11824K, reserved 1048576K

Card table byte_map: [0x000002bdf8030000,0x000002bdf8640000] byte_map_base: 0x000002bdf4830000

Marking Bits: (ParMarkBitMap*) 0x0000000050dfa6d0
 Begin Bits: [0x000002bdf8c30000, 0x000002bdfbc30000)
 End Bits:   [0x000002bdfbc30000, 0x000002bdfec30000)

Polling page: 0x000002bdef9d0000

CodeCache: size=245760Kb used=75347Kb max_used=75359Kb free=170412Kb
 bounds [0x000002bd80000000, 0x000002bd84a50000, 0x000002bd8f000000]
 total_blobs=20510 nmethods=19589 adapters=822
 compilation: enabled

Compilation events (10 events):
Event: 196541.898 Thread 0x000002bd90b20000 27205       3       java.util.GregorianCalendar::computeTime (970 bytes)
Event: 196541.903 Thread 0x000002bd90b20000 nmethod 27205 0x000002bd8463e310 code [0x000002bd8463ea20, 0x000002bd84644590]
Event: 205605.238 Thread 0x000002bd90b22800 27206       1       sun.util.locale.BaseLocale::getScript (5 bytes)
Event: 205605.238 Thread 0x000002bd90b22800 nmethod 27206 0x000002bd81fcb410 code [0x000002bd81fcb560, 0x000002bd81fcb678]
Event: 205607.726 Thread 0x000002bd90b23800 27207       3       java.util.WeakHashMap$KeyIterator::next (8 bytes)
Event: 205607.726 Thread 0x000002bd90b0e800 27208       3       java.util.WeakHashMap$Entry::getKey (8 bytes)
Event: 205607.726 Thread 0x000002bd90b20000 27209       3       java.util.WeakHashMap::unmaskNull (13 bytes)
Event: 205607.726 Thread 0x000002bd90b0e800 nmethod 27208 0x000002bd81f0d050 code [0x000002bd81f0d1c0, 0x000002bd81f0d478]
Event: 205607.726 Thread 0x000002bd90b23800 nmethod 27207 0x000002bd822c0390 code [0x000002bd822c0520, 0x000002bd822c08f0]
Event: 205607.727 Thread 0x000002bd90b20000 nmethod 27209 0x000002bd81281050 code [0x000002bd812811a0, 0x000002bd81281338]

GC Heap History (10 events):
Event: 199474.152 GC heap before
{Heap before GC invocations=1458 (full 90):
 PSYoungGen      total 60416K, used 59776K [0x00000007bc400000, 0x00000007c0000000, 0x00000007c0000000)
  eden space 59392K, 100% used [0x00000007bc400000,0x00000007bfe00000,0x00000007bfe00000)
  from space 1024K, 37% used [0x00000007bfe00000,0x00000007bfe60000,0x00000007bff00000)
  to   space 1024K, 0% used [0x00000007bff00000,0x00000007bff00000,0x00000007c0000000)
 ParOldGen       total 217088K, used 93471K [0x0000000700000000, 0x000000070d400000, 0x00000007bc400000)
  object space 217088K, 43% used [0x0000000700000000,0x0000000705b47d18,0x000000070d400000)
 Metaspace       used 79947K, capacity 80741K, committed 81456K, reserved 1118208K
  class space    used 11518K, capacity 11697K, committed 11824K, reserved 1048576K
Event: 199474.156 GC heap after
Heap after GC invocations=1458 (full 90):
 PSYoungGen      total 60416K, used 512K [0x00000007bc400000, 0x00000007c0000000, 0x00000007c0000000)
  eden space 59392K, 0% used [0x00000007bc400000,0x00000007bc400000,0x00000007bfe00000)
  from space 1024K, 50% used [0x00000007bff00000,0x00000007bff80000,0x00000007c0000000)
  to   space 1024K, 0% used [0x00000007bfe00000,0x00000007bfe00000,0x00000007bff00000)
 ParOldGen       total 217088K, used 93471K [0x0000000700000000, 0x000000070d400000, 0x00000007bc400000)
  object space 217088K, 43% used [0x0000000700000000,0x0000000705b47d18,0x000000070d400000)
 Metaspace       used 79947K, capacity 80741K, committed 81456K, reserved 1118208K
  class space    used 11518K, capacity 11697K, committed 11824K, reserved 1048576K
}
Event: 199554.899 GC heap before
{Heap before GC invocations=1459 (full 90):
 PSYoungGen      total 60416K, used 59904K [0x00000007bc400000, 0x00000007c0000000, 0x00000007c0000000)
  eden space 59392K, 100% used [0x00000007bc400000,0x00000007bfe00000,0x00000007bfe00000)
  from space 1024K, 50% used [0x00000007bff00000,0x00000007bff80000,0x00000007c0000000)
  to   space 1024K, 0% used [0x00000007bfe00000,0x00000007bfe00000,0x00000007bff00000)
 ParOldGen       total 217088K, used 93471K [0x0000000700000000, 0x000000070d400000, 0x00000007bc400000)
  object space 217088K, 43% used [0x0000000700000000,0x0000000705b47d18,0x000000070d400000)
 Metaspace       used 79947K, capacity 80741K, committed 81456K, reserved 1118208K
  class space    used 11518K, capacity 11697K, committed 11824K, reserved 1048576K
Event: 199554.903 GC heap after
Heap after GC invocations=1459 (full 90):
 PSYoungGen      total 60416K, used 480K [0x00000007bc400000, 0x00000007c0000000, 0x00000007c0000000)
  eden space 59392K, 0% used [0x00000007bc400000,0x00000007bc400000,0x00000007bfe00000)
  from space 1024K, 46% used [0x00000007bfe00000,0x00000007bfe78000,0x00000007bff00000)
  to   space 1024K, 0% used [0x00000007bff00000,0x00000007bff00000,0x00000007c0000000)
 ParOldGen       total 217088K, used 93471K [0x0000000700000000, 0x000000070d400000, 0x00000007bc400000)
  object space 217088K, 43% used [0x0000000700000000,0x0000000705b47d18,0x000000070d400000)
 Metaspace       used 79947K, capacity 80741K, committed 81456K, reserved 1118208K
  class space    used 11518K, capacity 11697K, committed 11824K, reserved 1048576K
}
Event: 199635.823 GC heap before
{Heap before GC invocations=1460 (full 90):
 PSYoungGen      total 60416K, used 59872K [0x00000007bc400000, 0x00000007c0000000, 0x00000007c0000000)
  eden space 59392K, 100% used [0x00000007bc400000,0x00000007bfe00000,0x00000007bfe00000)
  from space 1024K, 46% used [0x00000007bfe00000,0x00000007bfe78000,0x00000007bff00000)
  to   space 1024K, 0% used [0x00000007bff00000,0x00000007bff00000,0x00000007c0000000)
 ParOldGen       total 217088K, used 93471K [0x0000000700000000, 0x000000070d400000, 0x00000007bc400000)
  object space 217088K, 43% used [0x0000000700000000,0x0000000705b47d18,0x000000070d400000)
 Metaspace       used 79947K, capacity 80741K, committed 81456K, reserved 1118208K
  class space    used 11518K, capacity 11697K, committed 11824K, reserved 1048576K
Event: 199635.828 GC heap after
Heap after GC invocations=1460 (full 90):
 PSYoungGen      total 60416K, used 512K [0x00000007bc400000, 0x00000007c0000000, 0x00000007c0000000)
  eden space 59392K, 0% used [0x00000007bc400000,0x00000007bc400000,0x00000007bfe00000)
  from space 1024K, 50% used [0x00000007bff00000,0x00000007bff80000,0x00000007c0000000)
  to   space 1024K, 0% used [0x00000007bfe00000,0x00000007bfe00000,0x00000007bff00000)
 ParOldGen       total 217088K, used 93487K [0x0000000700000000, 0x000000070d400000, 0x00000007bc400000)
  object space 217088K, 43% used [0x0000000700000000,0x0000000705b4bd18,0x000000070d400000)
 Metaspace       used 79947K, capacity 80741K, committed 81456K, reserved 1118208K
  class space    used 11518K, capacity 11697K, committed 11824K, reserved 1048576K
}
Event: 205604.894 GC heap before
{Heap before GC invocations=1461 (full 90):
 PSYoungGen      total 60416K, used 58553K [0x00000007bc400000, 0x00000007c0000000, 0x00000007c0000000)
  eden space 59392K, 97% used [0x00000007bc400000,0x00000007bfcae750,0x00000007bfe00000)
  from space 1024K, 50% used [0x00000007bff00000,0x00000007bff80000,0x00000007c0000000)
  to   space 1024K, 0% used [0x00000007bfe00000,0x00000007bfe00000,0x00000007bff00000)
 ParOldGen       total 217088K, used 93487K [0x0000000700000000, 0x000000070d400000, 0x00000007bc400000)
  object space 217088K, 43% used [0x0000000700000000,0x0000000705b4bd18,0x000000070d400000)
 Metaspace       used 79947K, capacity 80741K, committed 81456K, reserved 1118208K
  class space    used 11518K, capacity 11697K, committed 11824K, reserved 1048576K
Event: 205604.905 GC heap after
Heap after GC invocations=1461 (full 90):
 PSYoungGen      total 60416K, used 288K [0x00000007bc400000, 0x00000007c0000000, 0x00000007c0000000)
  eden space 59392K, 0% used [0x00000007bc400000,0x00000007bc400000,0x00000007bfe00000)
  from space 1024K, 28% used [0x00000007bfe00000,0x00000007bfe48000,0x00000007bff00000)
  to   space 1024K, 0% used [0x00000007bff00000,0x00000007bff00000,0x00000007c0000000)
 ParOldGen       total 217088K, used 93487K [0x0000000700000000, 0x000000070d400000, 0x00000007bc400000)
  object space 217088K, 43% used [0x0000000700000000,0x0000000705b4bd18,0x000000070d400000)
 Metaspace       used 79947K, capacity 80741K, committed 81456K, reserved 1118208K
  class space    used 11518K, capacity 11697K, committed 11824K, reserved 1048576K
}
Event: 205604.905 GC heap before
{Heap before GC invocations=1462 (full 91):
 PSYoungGen      total 60416K, used 288K [0x00000007bc400000, 0x00000007c0000000, 0x00000007c0000000)
  eden space 59392K, 0% used [0x00000007bc400000,0x00000007bc400000,0x00000007bfe00000)
  from space 1024K, 28% used [0x00000007bfe00000,0x00000007bfe48000,0x00000007bff00000)
  to   space 1024K, 0% used [0x00000007bff00000,0x00000007bff00000,0x00000007c0000000)
 ParOldGen       total 217088K, used 93487K [0x0000000700000000, 0x000000070d400000, 0x00000007bc400000)
  object space 217088K, 43% used [0x0000000700000000,0x0000000705b4bd18,0x000000070d400000)
 Metaspace       used 79947K, capacity 80741K, committed 81456K, reserved 1118208K
  class space    used 11518K, capacity 11697K, committed 11824K, reserved 1048576K
Event: 205605.235 GC heap after
Heap after GC invocations=1462 (full 91):
 PSYoungGen      total 60416K, used 0K [0x00000007bc400000, 0x00000007c0000000, 0x00000007c0000000)
  eden space 59392K, 0% used [0x00000007bc400000,0x00000007bc400000,0x00000007bfe00000)
  from space 1024K, 0% used [0x00000007bfe00000,0x00000007bfe00000,0x00000007bff00000)
  to   space 1024K, 0% used [0x00000007bff00000,0x00000007bff00000,0x00000007c0000000)
 ParOldGen       total 217088K, used 93458K [0x0000000700000000, 0x000000070d400000, 0x00000007bc400000)
  object space 217088K, 43% used [0x0000000700000000,0x0000000705b44818,0x000000070d400000)
 Metaspace       used 79947K, capacity 80741K, committed 81456K, reserved 1118208K
  class space    used 11518K, capacity 11697K, committed 11824K, reserved 1048576K
}

Deoptimization events (10 events):
Event: 194495.071 Thread 0x000002bd928a5000 Uncommon trap: reason=unstable_if action=reinterpret pc=0x000002bd824de7a8 method=sun.java2d.pipe.Region.getIntersection(Lsun/java2d/pipe/Region;)Lsun/java2d/pipe/Region; @ 15
Event: 194495.071 Thread 0x000002bd928a5000 Uncommon trap: reason=unstable_if action=reinterpret pc=0x000002bd824de7a8 method=sun.java2d.pipe.Region.getIntersection(Lsun/java2d/pipe/Region;)Lsun/java2d/pipe/Region; @ 15
Event: 194495.071 Thread 0x000002bd928a5000 Uncommon trap: reason=unstable_if action=reinterpret pc=0x000002bd824edd3c method=sun.java2d.pipe.Region.getIntersection(Lsun/java2d/pipe/Region;)Lsun/java2d/pipe/Region; @ 15
Event: 194499.609 Thread 0x000002bd928a5000 Uncommon trap: reason=unstable_if action=reinterpret pc=0x000002bd83500b3c method=de.javasoft.plaf.synthetica.painter.TabbedPanePainter.drawContentBorderLine4SelectedTab(Ljavax/swing/JTabbedPane;IILjava/awt/Graphics;IIII)V @ 552
Event: 194669.674 Thread 0x000002bd928a5000 Uncommon trap: reason=unstable_if action=reinterpret pc=0x000002bd83f31978 method=ui.data.design.A.agY()Z @ 31
Event: 194669.675 Thread 0x000002bd928a5000 Uncommon trap: reason=unstable_if action=reinterpret pc=0x000002bd83f2a9b0 method=ui.data.design.A.agY()Z @ 31
Event: 194676.996 Thread 0x000002bd96ecd800 Uncommon trap: reason=unstable_if action=reinterpret pc=0x000002bd82c27d30 method=java.util.concurrent.FutureTask.awaitDone(ZJ)I @ 24
Event: 194676.996 Thread 0x000002bd96ecd800 Uncommon trap: reason=bimorphic action=maybe_recompile pc=0x000002bd8274bc80 method=java.lang.Throwable.<init>()V @ 24
Event: 194696.056 Thread 0x000002bd928a5000 Uncommon trap: reason=unstable_if action=reinterpret pc=0x000002bd83ba5c4c method=com.jidesoft.editor.folding.DefaultFoldingModel$b_.getOutermostSpanAtOffset(I)Lcom/jidesoft/editor/folding/FoldingSpan; @ 14
Event: 194696.248 Thread 0x000002bd928a5000 Uncommon trap: reason=unstable_if action=reinterpret pc=0x000002bd82e10004 method=com.jidesoft.editor.folding.DefaultFoldingModel$b_.getOutermostSpanAtOffset(I)Lcom/jidesoft/editor/folding/FoldingSpan; @ 14

Internal exceptions (10 events):
Event: 199697.423 Thread 0x000002bd928a5000 Exception <a 'java/io/FileNotFoundException'> (0x00000007beff0920) thrown at [C:\re\workspace\8-2-build-windows-amd64-cygwin\jdk8u112\7884\hotspot\src\share\vm\prims\jni.cpp, line 709]
Event: 199697.423 Thread 0x000002bd928a5000 Exception <a 'java/io/FileNotFoundException'> (0x00000007beff1040) thrown at [C:\re\workspace\8-2-build-windows-amd64-cygwin\jdk8u112\7884\hotspot\src\share\vm\prims\jni.cpp, line 709]
Event: 199702.424 Thread 0x000002bd928a5000 Exception <a 'java/io/FileNotFoundException'> (0x00000007bf36b500) thrown at [C:\re\workspace\8-2-build-windows-amd64-cygwin\jdk8u112\7884\hotspot\src\share\vm\prims\jni.cpp, line 709]
Event: 199702.424 Thread 0x000002bd928a5000 Exception <a 'java/io/FileNotFoundException'> (0x00000007bf36bc20) thrown at [C:\re\workspace\8-2-build-windows-amd64-cygwin\jdk8u112\7884\hotspot\src\share\vm\prims\jni.cpp, line 709]
Event: 199707.426 Thread 0x000002bd928a5000 Exception <a 'java/io/FileNotFoundException'> (0x00000007bf6ea1c0) thrown at [C:\re\workspace\8-2-build-windows-amd64-cygwin\jdk8u112\7884\hotspot\src\share\vm\prims\jni.cpp, line 709]
Event: 199707.426 Thread 0x000002bd928a5000 Exception <a 'java/io/FileNotFoundException'> (0x00000007bf6ea8e0) thrown at [C:\re\workspace\8-2-build-windows-amd64-cygwin\jdk8u112\7884\hotspot\src\share\vm\prims\jni.cpp, line 709]
Event: 199712.428 Thread 0x000002bd928a5000 Exception <a 'java/io/FileNotFoundException'> (0x00000007bfa6afe8) thrown at [C:\re\workspace\8-2-build-windows-amd64-cygwin\jdk8u112\7884\hotspot\src\share\vm\prims\jni.cpp, line 709]
Event: 199712.428 Thread 0x000002bd928a5000 Exception <a 'java/io/FileNotFoundException'> (0x00000007bfa6b708) thrown at [C:\re\workspace\8-2-build-windows-amd64-cygwin\jdk8u112\7884\hotspot\src\share\vm\prims\jni.cpp, line 709]
Event: 205604.544 Thread 0x000002bd928a5000 Exception <a 'java/io/FileNotFoundException'> (0x00000007bfbb2ad8) thrown at [C:\re\workspace\8-2-build-windows-amd64-cygwin\jdk8u112\7884\hotspot\src\share\vm\prims\jni.cpp, line 709]
Event: 205604.544 Thread 0x000002bd928a5000 Exception <a 'java/io/FileNotFoundException'> (0x00000007bfbb31f8) thrown at [C:\re\workspace\8-2-build-windows-amd64-cygwin\jdk8u112\7884\hotspot\src\share\vm\prims\jni.cpp, line 709]

Events (10 events):
Event: 205605.243 Executing VM operation: RevokeBias done
Event: 205605.243 Executing VM operation: BulkRevokeBias
Event: 205605.243 Executing VM operation: BulkRevokeBias done
Event: 205605.313 Executing VM operation: RevokeBias
Event: 205605.313 Executing VM operation: RevokeBias done
Event: 205607.587 Executing VM operation: ForceSafepoint
Event: 205607.588 Executing VM operation: ForceSafepoint done
Event: 205607.730 Thread 0x000002bd90b0e800 flushing nmethod 0x000002bd83f3dc50
Event: 205609.207 Executing VM operation: ForceSafepoint
Event: 205609.209 Executing VM operation: ForceSafepoint done


Dynamic libraries:
0x00007ff713fe0000 - 0x00007ff714010000 	C:\Xilinx\Vivado\2018.2\bin\unwrapped\win64.o\vivado.exe
0x00007ffdc3bd0000 - 0x00007ffdc3de7000 	C:\WINDOWS\SYSTEM32\ntdll.dll
0x00007ffdc25f0000 - 0x00007ffdc26b4000 	C:\WINDOWS\System32\KERNEL32.DLL
0x00007ffdc1080000 - 0x00007ffdc1426000 	C:\WINDOWS\System32\KERNELBASE.dll
0x00007ffdc1800000 - 0x00007ffdc1911000 	C:\WINDOWS\System32\ucrtbase.dll
0x00007ffda34a0000 - 0x00007ffda352e000 	C:\WINDOWS\SYSTEM32\MSVCP140.dll
0x00007ffda4050000 - 0x00007ffda406b000 	C:\WINDOWS\SYSTEM32\VCRUNTIME140.dll
0x00007ffda4030000 - 0x00007ffda403c000 	C:\WINDOWS\SYSTEM32\VCRUNTIME140_1.dll
0x00007ffda89d0000 - 0x00007ffda89e4000 	C:\Xilinx\Vivado\2018.2\lib\win64.o\librdi_commonmain.dll
0x00007ffda71b0000 - 0x00007ffda71c4000 	C:\Xilinx\Vivado\2018.2\lib\win64.o\libboost_signals.dll
0x00007ffda47d0000 - 0x00007ffda47f6000 	C:\Xilinx\Vivado\2018.2\lib\win64.o\libboost_filesystem.dll
0x00007ffdc2d20000 - 0x00007ffdc2dd3000 	C:\WINDOWS\System32\ADVAPI32.dll
0x00007ffdc2a50000 - 0x00007ffdc2af7000 	C:\WINDOWS\System32\msvcrt.dll
0x00007ffdc3810000 - 0x00007ffdc38b8000 	C:\WINDOWS\System32\sechost.dll
0x00007ffdc14d0000 - 0x00007ffdc14f8000 	C:\WINDOWS\System32\bcrypt.dll
0x00007ffdc24d0000 - 0x00007ffdc25e7000 	C:\WINDOWS\System32\RPCRT4.dll
0x00007ffda9810000 - 0x00007ffda981a000 	C:\Xilinx\Vivado\2018.2\lib\win64.o\librdi_commonversion.dll
0x00007ffd65d30000 - 0x00007ffd65e51000 	C:\Xilinx\Vivado\2018.2\lib\win64.o\librdi_commonxillic.dll
0x00007ffdc2260000 - 0x00007ffdc240e000 	C:\WINDOWS\System32\USER32.dll
0x00007ffdc14a0000 - 0x00007ffdc14c6000 	C:\WINDOWS\System32\win32u.dll
0x00007ffdc3920000 - 0x00007ffdc3949000 	C:\WINDOWS\System32\GDI32.dll
0x00007ffdc1500000 - 0x00007ffdc1618000 	C:\WINDOWS\System32\gdi32full.dll
0x00007ffdc1760000 - 0x00007ffdc17fa000 	C:\WINDOWS\System32\msvcp_win.dll
0x0000000050e80000 - 0x0000000050fab000 	C:\Xilinx\Vivado\2018.2\lib\win64.o\tcl85t.dll
0x00007ffdc3950000 - 0x00007ffdc39c1000 	C:\WINDOWS\System32\WS2_32.dll
0x00007ffda9790000 - 0x00007ffda979b000 	C:\Xilinx\Vivado\2018.2\lib\win64.o\libboost_system.dll
0x00007ffd06370000 - 0x00007ffd07189000 	C:\Xilinx\Vivado\2018.2\lib\win64.o\librdi_common.dll
0x00007ffdc2e00000 - 0x00007ffdc365b000 	C:\WINDOWS\System32\SHELL32.dll
0x00007ffd651c0000 - 0x00007ffd652d4000 	C:\Xilinx\Vivado\2018.2\lib\win64.o\libboost_regex.dll
0x00007ffd5c0e0000 - 0x00007ffd5c395000 	C:\Xilinx\Vivado\2018.2\lib\win64.o\libXil_lmgr11.dll
0x00007ffdc39d0000 - 0x00007ffdc3ac9000 	C:\WINDOWS\System32\COMDLG32.dll
0x00007ffdc26c0000 - 0x00007ffdc2a49000 	C:\WINDOWS\System32\combase.dll
0x00007ffdc3710000 - 0x00007ffdc3803000 	C:\WINDOWS\System32\shcore.dll
0x00007ffdc2cc0000 - 0x00007ffdc2d1e000 	C:\WINDOWS\System32\SHLWAPI.dll
0x00007ffd16c40000 - 0x00007ffd16fae000 	C:\Xilinx\Vivado\2018.2\lib\win64.o\libCOIN-all.dll
0x00007ffdc1920000 - 0x00007ffdc19f7000 	C:\WINDOWS\System32\OLEAUT32.dll
0x00007ffdc1ff0000 - 0x00007ffdc2190000 	C:\WINDOWS\System32\ole32.dll
0x00007ffdc1430000 - 0x00007ffdc149b000 	C:\WINDOWS\System32\WINTRUST.dll
0x00007ffdc0f10000 - 0x00007ffdc1076000 	C:\WINDOWS\System32\CRYPT32.dll
0x00007ffd9b610000 - 0x00007ffd9b624000 	C:\Xilinx\Vivado\2018.2\lib\win64.o\libboost_date_time.dll
0x00007ffd70d30000 - 0x00007ffd70daf000 	C:\Xilinx\Vivado\2018.2\lib\win64.o\libboost_program_options.dll
0x00007ffd98010000 - 0x00007ffd98031000 	C:\Xilinx\Vivado\2018.2\lib\win64.o\libboost_thread.dll
0x00007ffda71a0000 - 0x00007ffda71af000 	C:\Xilinx\Vivado\2018.2\lib\win64.o\libboost_xilinx.dll
0x00007ffd6dee0000 - 0x00007ffd6df62000 	C:\Xilinx\Vivado\2018.2\lib\win64.o\libhdlpsolve.dll
0x00007ffd63b80000 - 0x00007ffd63c25000 	C:\Xilinx\Vivado\2018.2\lib\win64.o\libhdxml.dll
0x00007ffd96ae0000 - 0x00007ffd96b0e000 	C:\Xilinx\Vivado\2018.2\lib\win64.o\libisl_sysinfo.dll
0x00007ffd90be0000 - 0x00007ffd90c45000 	C:\Xilinx\Vivado\2018.2\lib\win64.o\liblmx6.0.dll
0x00007ffd986b0000 - 0x00007ffd986ca000 	C:\Xilinx\Vivado\2018.2\lib\win64.o\pthreadVC2.dll
0x00007ffd1e700000 - 0x00007ffd1e851000 	C:\Xilinx\Vivado\2018.2\lib\win64.o\librdi_curl.dll
0x00007ffd05ab0000 - 0x00007ffd06363c00 	C:\Xilinx\Vivado\2018.2\lib\win64.o\libisl_iostreams.dll
0x00007ffd985d0000 - 0x00007ffd985ec000 	C:\Xilinx\Vivado\2018.2\lib\win64.o\librdiconfig.dll
0x00007ffd94aa0000 - 0x00007ffd94ac1000 	C:\Xilinx\Vivado\2018.2\lib\win64.o\librdizlib.dll
0x00007ffda09d0000 - 0x00007ffda0ec4000 	C:\WINDOWS\SYSTEM32\WININET.dll
0x00007ffdbfe40000 - 0x00007ffdbff77000 	C:\WINDOWS\SYSTEM32\WINHTTP.dll
0x00000000505e0000 - 0x0000000050e7a000 	C:\Xilinx\Vivado\2018.2\tps\win64\jre\bin\server\jvm.dll
0x00007ffda7a10000 - 0x00007ffda7c00000 	C:\WINDOWS\SYSTEM32\urlmon.dll
0x00007ffdc3ad0000 - 0x00007ffdc3ad8000 	C:\WINDOWS\System32\PSAPI.DLL
0x00007ffd9b730000 - 0x00007ffd9b739000 	C:\WINDOWS\SYSTEM32\WSOCK32.dll
0x00007ffd93b20000 - 0x00007ffd93b48000 	C:\WINDOWS\SYSTEM32\VCOMP140.DLL
0x0000000012000000 - 0x0000000012272000 	C:\Xilinx\Vivado\2018.2\lib\win64.o\xerces-c_3_1.dll
0x00007ffdb5ce0000 - 0x00007ffdb5cf9000 	C:\WINDOWS\SYSTEM32\NETAPI32.dll
0x00007ffda4ac0000 - 0x00007ffda4b73000 	C:\WINDOWS\WinSxS\amd64_microsoft.windows.common-controls_6595b64144ccf1df_5.82.22621.2506_none_b43bab19638c9595\COMCTL32.dll
0x00007ffdbb430000 - 0x00007ffdbb44f000 	C:\WINDOWS\SYSTEM32\dhcpcsvc.DLL
0x00007ffda4690000 - 0x00007ffda469d000 	C:\Xilinx\Vivado\2018.2\lib\win64.o\libboost_chrono.dll
0x00007ffd97dd0000 - 0x00007ffd97deb000 	C:\Xilinx\Vivado\2018.2\lib\win64.o\libboost_iostreams.dll
0x00007ffdaa790000 - 0x00007ffdaaa4c000 	C:\WINDOWS\SYSTEM32\iertutil.dll
0x00007ffd937d0000 - 0x00007ffd937f5000 	C:\Xilinx\Vivado\2018.2\lib\win64.o\libisl_iosutils.dll
0x00007ffdbf970000 - 0x00007ffdbf998000 	C:\WINDOWS\SYSTEM32\srvcli.dll
0x00007ffdbf960000 - 0x00007ffdbf96c000 	C:\WINDOWS\SYSTEM32\netutils.dll
0x00007ffdb94f0000 - 0x00007ffdb9524000 	C:\WINDOWS\SYSTEM32\WINMM.dll
0x00007ffdb79f0000 - 0x00007ffdb79fa000 	C:\WINDOWS\SYSTEM32\VERSION.dll
0x0000000050500000 - 0x00000000505d2000 	C:\Xilinx\Vivado\2018.2\tps\win64\jre\bin\MSVCR100.dll
0x00007ffd04c10000 - 0x00007ffd05aa1000 	C:\Xilinx\Vivado\2018.2\lib\win64.o\gurobi65.dll
0x00007ffdc2410000 - 0x00007ffdc2441000 	C:\WINDOWS\System32\IMM32.DLL
0x00007ffdc0b30000 - 0x00007ffdc0b42000 	C:\WINDOWS\SYSTEM32\MSASN1.dll
0x00007ffdbfe20000 - 0x00007ffdbfe38000 	C:\WINDOWS\SYSTEM32\kernel.appcore.dll
0x00007ffd04780000 - 0x00007ffd04c0c000 	C:\Xilinx\Vivado\2018.2\lib\win64.o\librdi_commontasks.dll
0x00007ffd17480000 - 0x00007ffd176f7000 	C:\Xilinx\Vivado\2018.2\lib\win64.o\librdi_sio.dll
0x00007ffdbf6a0000 - 0x00007ffdbf6cd000 	C:\WINDOWS\SYSTEM32\IPHLPAPI.DLL
0x00007ffdbeb50000 - 0x00007ffdbf446000 	C:\WINDOWS\SYSTEM32\windows.storage.dll
0x00007ffdbea10000 - 0x00007ffdbeb4e000 	C:\WINDOWS\SYSTEM32\wintypes.dll
0x00007ffcf1030000 - 0x00007ffcf322f000 	C:\Xilinx\Vivado\2018.2\lib\win64.o\librdi_tcltasks.dll
0x00007ffd8c0e0000 - 0x00007ffd8c14a000 	C:\Xilinx\Vivado\2018.2\lib\win64.o\librdi_boarddep.dll
0x00007ffd1c330000 - 0x00007ffd1c577000 	C:\Xilinx\Vivado\2018.2\lib\win64.o\librdi_chipscope.dll
0x00007ffd1cf60000 - 0x00007ffd1d0de000 	C:\Xilinx\Vivado\2018.2\lib\win64.o\librdi_board.dll
0x00007ffd043a0000 - 0x00007ffd04775000 	C:\Xilinx\Vivado\2018.2\lib\win64.o\librdi_bitstream.dll
0x00007ffd1c1b0000 - 0x00007ffd1c2d8000 	C:\Xilinx\Vivado\2018.2\lib\win64.o\librdi_containers.dll
0x00007ffcef7d0000 - 0x00007ffcf1029000 	C:\Xilinx\Vivado\2018.2\lib\win64.o\librdi_constraints.dll
0x00007ffce0fd0000 - 0x00007ffcef7c8000 	C:\Xilinx\Vivado\2018.2\lib\win64.o\librdi_device.dll
0x00007ffce0cb0000 - 0x00007ffce0fc8000 	C:\Xilinx\Vivado\2018.2\lib\win64.o\librdi_dlyest.dll
0x00007ffcdab40000 - 0x00007ffcdb219000 	C:\Xilinx\Vivado\2018.2\lib\win64.o\librdi_coregenipxact.dll
0x00007ffcda5f0000 - 0x00007ffcdab31000 	C:\Xilinx\Vivado\2018.2\lib\win64.o\librdi_drc.dll
0x00007ffcdef90000 - 0x00007ffce0ca1000 	C:\Xilinx\Vivado\2018.2\lib\win64.o\librdi_coregen.dll
0x00007ffcdb220000 - 0x00007ffcdef82000 	C:\Xilinx\Vivado\2018.2\lib\win64.o\librdi_designutils.dll
0x00007ffd63ab0000 - 0x00007ffd63b72000 	C:\Xilinx\Vivado\2018.2\lib\win64.o\librdi_dsp.dll
0x00007ffd89570000 - 0x00007ffd895c8000 	C:\Xilinx\Vivado\2018.2\lib\win64.o\librdi_hdf.dll
0x00007ffcd9fb0000 - 0x00007ffcda5e1000 	C:\Xilinx\Vivado\2018.2\lib\win64.o\librdi_filemgmt.dll
0x00007ffcd9cd0000 - 0x00007ffcd9fa1000 	C:\Xilinx\Vivado\2018.2\lib\win64.o\librdi_guitools.dll
0x00007ffcd8430000 - 0x00007ffcd8a81000 	C:\Xilinx\Vivado\2018.2\lib\win64.o\librdi_memdata.dll
0x00007ffcd8a90000 - 0x00007ffcd9cc4000 	C:\Xilinx\Vivado\2018.2\lib\win64.o\librdi_implflow.dll
0x00007ffd92b10000 - 0x00007ffd92b59000 	C:\Xilinx\Vivado\2018.2\lib\win64.o\librdi_pfi.dll
0x00007ffcd7f80000 - 0x00007ffcd8422000 	C:\Xilinx\Vivado\2018.2\lib\win64.o\librdi_netlist.dll
0x00007ffcd44e0000 - 0x00007ffcd476a000 	C:\Xilinx\Vivado\2018.2\lib\win64.o\librdi_platform.dll
0x00007ffcd3df0000 - 0x00007ffcd44dc000 	C:\Xilinx\Vivado\2018.2\lib\win64.o\librdi_power.dll
0x00007ffcd38b0000 - 0x00007ffcd3ded000 	C:\Xilinx\Vivado\2018.2\lib\win64.o\librdi_project.dll
0x00007ffcd31c0000 - 0x00007ffcd38a1000 	C:\Xilinx\Vivado\2018.2\lib\win64.o\librdi_psta.dll
0x00007ffcd4770000 - 0x00007ffcd7f7a000 	C:\Xilinx\Vivado\2018.2\lib\win64.o\librdi_mig.dll
0x00007ffcd07e0000 - 0x00007ffcd0e1e000 	C:\Xilinx\Vivado\2018.2\lib\win64.o\librdi_rsb.dll
0x00007ffcd0410000 - 0x00007ffcd07d3000 	C:\Xilinx\Vivado\2018.2\lib\win64.o\librdi_runs.dll
0x00007ffcd0e20000 - 0x00007ffcd31be000 	C:\Xilinx\Vivado\2018.2\lib\win64.o\librdi_place.dll
0x00007ffd61b40000 - 0x00007ffd61c17000 	C:\Xilinx\Vivado\2018.2\lib\win64.o\librdi_runsbase.dll
0x00007ffd61970000 - 0x00007ffd61a3b000 	C:\Xilinx\Vivado\2018.2\lib\win64.o\librdi_xhub.dll
0x00007ffcd01e0000 - 0x00007ffcd0406000 	C:\Xilinx\Vivado\2018.2\lib\win64.o\librdi_simdata.dll
0x00007ffd912c0000 - 0x00007ffd9130c000 	C:\Xilinx\Vivado\2018.2\lib\win64.o\libboost_serialization.dll
0x00007ffd621e0000 - 0x00007ffd6228f000 	C:\Xilinx\Vivado\2018.2\lib\win64.o\librdi_hip_devdesign.dll
0x00007ffccf4c0000 - 0x00007ffcd01dd000 	C:\Xilinx\Vivado\2018.2\lib\win64.o\librdi_timing.dll
0x00007ffd70390000 - 0x00007ffd703f6000 	C:\Xilinx\Vivado\2018.2\lib\win64.o\librdi_ipconfig_readwrite.dll
0x00007ffcce9c0000 - 0x00007ffccf4b3000 	C:\Xilinx\Vivado\2018.2\lib\win64.o\libverific.dll
0x00007ffd8b3b0000 - 0x00007ffd8b3e8000 	C:\Xilinx\Vivado\2018.2\lib\win64.o\librdi_noc_frameworks.dll
0x00007ffd6d840000 - 0x00007ffd6d8de000 	C:\Xilinx\Vivado\2018.2\lib\win64.o\libise.dll
0x00007ffd660c0000 - 0x00007ffd66148000 	C:\Xilinx\Vivado\2018.2\lib\win64.o\librdi_hip_config.dll
0x00007ffcce470000 - 0x00007ffcce9be000 	C:\Xilinx\Vivado\2018.2\lib\win64.o\librdi_xdm.dll
0x00007ffd7b670000 - 0x00007ffd7b6b9000 	C:\Xilinx\Vivado\2018.2\lib\win64.o\librdi_wavedata_SimpleApi.dll
0x00007ffccd570000 - 0x00007ffcce461000 	C:\Xilinx\Vivado\2018.2\lib\win64.o\librdi_route.dll
0x00007ffccd320000 - 0x00007ffccd563000 	C:\Xilinx\Vivado\2018.2\lib\win64.o\librdi_hsm.dll
0x00007ffccaf80000 - 0x00007ffccb521000 	C:\Xilinx\Vivado\2018.2\lib\win64.o\librdi_wavedata.dll
0x00007ffd7ae90000 - 0x00007ffd7aee2000 	C:\Xilinx\Vivado\2018.2\lib\win64.o\librdi_projectbase.dll
0x00007ffccb530000 - 0x00007ffccd312000 	C:\Xilinx\Vivado\2018.2\lib\win64.o\librdi_synth.dll

VM Arguments:
jvm_args: -Dsun.java2d.pmoffscreen=false -Dsun.java2d.xrender=false -Dsun.java2d.d3d=false -Dsun.awt.nopixfmt=true -Xverify:none -Dswing.aatext=true -XX:-UsePerfData -Djdk.map.althashing.threshold=512 -XX:StringTableSize=4072 -XX:NewSize=60m -XX:MaxNewSize=60m -Xms128m -Xmx3072m -Xss5m 
java_command: <unknown>
java_class_path (initial): C:/Xilinx/Vivado/2018.2\lib\classes\alloy.jar;C:/Xilinx/Vivado/2018.2\lib\classes\autopilot.scelaborator.jar;C:/Xilinx/Vivado/2018.2\lib\classes\autopilot.sourceprocessor.jar;C:/Xilinx/Vivado/2018.2\lib\classes\autopilot.tbprocessor.jar;C:/Xilinx/Vivado/2018.2\lib\classes\batik-anim.jar;C:/Xilinx/Vivado/2018.2\lib\classes\batik-awt-util.jar;C:/Xilinx/Vivado/2018.2\lib\classes\batik-bridge.jar;C:/Xilinx/Vivado/2018.2\lib\classes\batik-codec.jar;C:/Xilinx/Vivado/2018.2\lib\classes\batik-css.jar;C:/Xilinx/Vivado/2018.2\lib\classes\batik-dom.jar;C:/Xilinx/Vivado/2018.2\lib\classes\batik-ext.jar;C:/Xilinx/Vivado/2018.2\lib\classes\batik-gui-util.jar;C:/Xilinx/Vivado/2018.2\lib\classes\batik-gvt.jar;C:/Xilinx/Vivado/2018.2\lib\classes\batik-parser.jar;C:/Xilinx/Vivado/2018.2\lib\classes\batik-script.jar;C:/Xilinx/Vivado/2018.2\lib\classes\batik-svg-dom.jar;C:/Xilinx/Vivado/2018.2\lib\classes\batik-swing.jar;C:/Xilinx/Vivado/2018.2\lib\classes\batik-transcoder.jar;C:/Xilinx/Vivado/2018.2\lib\classes\batik-util.jar;C:/Xilinx/Vivado/2018.2\lib\classes\batik-xml.jar;C:/Xilinx/Vivado/2018.2\lib\classes\com.ibm.icu_4.4.2.v20110208.jar;C:/Xilinx/Vivado/2018.2\lib\classes\commons-collections4-4.1.jar;C:/Xilinx/Vivado/2018.2\lib\classes\commons-math-2.2.jar;C:/Xilinx/Vivado/2018.2\lib\classes\dom4j-1.6.1.jar;C:/Xilinx/Vivado/2018.2\lib\classes\guava-18.0.jar;C:/Xilinx/Vivado/2018.2\lib\classes\help.jar;C:/Xilinx/Vivado/2018.2\lib\classes\hsqldb.jar;C:/Xilinx/Vivado/2018.2\lib\classes\jargs.jar;C:/Xilinx/Vivado/2018.2\lib\classes\jh.jar;C:/Xilinx/Vivado/2018.2\lib\classes\jide-action.jar;C:/Xilinx/Vivado/2018.2\lib\classes\jide-charts.jar;C:/Xilinx/Vivado/2018.2\lib\classes\jide-common.jar;C:/Xilinx/Vivado/2018.2\lib\classes\jide-components.jar;C:/Xilinx/Vivado/2018.2\lib\classes\jide-dashboard.jar;C:/Xilinx/Vivado/2018.2\lib\classes\jide-data.jar;C:/Xilinx/Vivado/2018.2\lib\classes\jide-dialogs.jar;C:/Xilinx/Vivado/2018.2\lib\classes\jide-diff.jar;C:/X
Launcher Type: generic

Environment Variables:
PATH=C:/Xilinx/Vivado/2018.2/bin;C:/Xilinx/Vivado/2018.2/lib/win64.o;C:/Xilinx/Vivado/2018.2/tps/win64/jre/bin/server;C:/Xilinx/Vivado/2018.2/tps/win64/jre/bin;C:/Xilinx/SDK/2018.2/bin;C:/Xilinx/Vivado/2018.2/ids_lite/ISE/bin/nt64;C:/Xilinx/Vivado/2018.2/ids_lite/ISE/lib/nt64;C:\Program Files (x86)\Common Files\Oracle\Java\javapath;C:\Program Files\Eclipse Adoptium\jdk-21.0.1.12-hotspot\bin;C:\WINDOWS\system32;C:\WINDOWS;C:\WINDOWS\System32\Wbem;C:\WINDOWS\System32\WindowsPowerShell\v1.0\;C:\WINDOWS\System32\OpenSSH\;C:\Program Files\MATLAB\R2023a\bin;C:\Program Files\Git\cmd;C:\Users\C27Brandon.Sweitzer\AppData\Local\Microsoft\WindowsApps;;C:\Users\C27Brandon.Sweitzer\AppData\Local\Programs\Microsoft VS Code\bin;C:/Xilinx/Vivado/2018.2\tps\mingw\6.2.0\win64.o\nt\bin;C:/Xilinx/Vivado/2018.2\tps\mingw\6.2.0\win64.o\nt\libexec\gcc\x86_64-w64-mingw32\6.2.0
USERNAME=C27Brandon.Sweitzer
OS=Windows_NT
PROCESSOR_IDENTIFIER=AMD64 Family 25 Model 68 Stepping 1, AuthenticAMD



---------------  S Y S T E M  ---------------

OS: Windows 10.0 , 64 bit Build 22621 (10.0.22621.3085)

CPU:total 16 (16 cores per cpu, 1 threads per core) family 25 model 68 stepping 1, cmov, cx8, fxsr, mmx, sse, sse2, sse3, ssse3, sse4.1, sse4.2, popcnt, avx, avx2, aes, clmul, erms, mmxext, 3dnowpref, lzcnt, sse4a, tsc, tscinvbit, tscinv, bmi1

Memory: 4k page, physical 16057364k(2174548k free), swap 26555560k(4179216k free)

vm_info: Java HotSpot(TM) 64-Bit Server VM (25.112-b15) for windows-amd64 JRE (1.8.0_112-b15), built on Sep 22 2016 21:31:56 by "java_re" with MS VC++ 10.0 (VS2010)

time: Wed Feb 28 16:21:23 2024
elapsed time: 205609 seconds (2d 9h 6m 49s)

